Command line:
   OR_gate_tb_isim_beh.exe
     -simmode  gui
     -simrunnum  0
     -socket  50855

Sun Dec 12 04:53:31 2021


 Elaboration Time: 0.03125 sec

 Current Memory Usage: 5150.6 Meg

 Total Signals          : 10
 Total Nets             : 5
 Total Signal Drivers   : 5
 Total Blocks           : 3
 Total Primitive Blocks : 2
 Total Processes        : 2
 Total Traceable Variables  : 8
 Total Scalar Nets and Variables : 365
Total Line Count : 16

 Total Simulation Time: 0.09375 sec

 Current Memory Usage: 5150.6 Meg

Sun Dec 12 04:53:55 2021

