Command line:
   NOT_gate_tb_isim_beh.exe
     -simmode  gui
     -simrunnum  0
     -socket  64497

Fri Dec 10 23:48:30 2021


 Elaboration Time: 0.03125 sec

 Current Memory Usage: 5150.57 Meg

 Total Signals          : 4
 Total Nets             : 2
 Total Signal Drivers   : 2
 Total Blocks           : 3
 Total Primitive Blocks : 2
 Total Processes        : 2
 Total Traceable Variables  : 8
 Total Scalar Nets and Variables : 362
Total Line Count : 5
Total Line Count : 5

 Total Simulation Time: 0.046875 sec

 Current Memory Usage: 4993.29 Meg

Fri Dec 10 23:50:11 2021

