Command line:
   AND_gate_tb_isim_beh.exe
     -simmode  gui
     -simrunnum  0
     -socket  53519

Mon Dec 13 05:49:56 2021


 Elaboration Time: 0.03125 sec

 Current Memory Usage: 5149.95 Meg

 Total Signals          : 5
 Total Nets             : 5
 Total Signal Drivers   : 4
 Total Blocks           : 2
 Total Primitive Blocks : 2
 Total Processes        : 1
 Total Traceable Variables  : 8
 Total Scalar Nets and Variables : 365
Total Line Count : 36

 Total Simulation Time: 0.046875 sec

 Current Memory Usage: 5149.95 Meg

Mon Dec 13 05:50:22 2021

